<?xml version="1.0" encoding="UTF-8"?>
<testng-results ignored="4" total="14" passed="9" failed="1" skipped="0">
  <reporter-output>
  </reporter-output>
  <suite started-at="2022-11-07T09:31:58 EET" name="Suite" finished-at="2022-11-07T09:32:37 EET" duration-ms="39319">
    <groups>
    </groups>
    <test started-at="2022-11-07T09:31:58 EET" name="Test" finished-at="2022-11-07T09:32:37 EET" duration-ms="39319">
      <class name="Testcase.testRegister">
        <test-method is-config="true" signature="settingdriver()[pri:0, instance:Testcase.testRegister@74e52303]" started-at="2022-11-07T09:32:28 EET" name="settingdriver" finished-at="2022-11-07T09:32:32 EET" duration-ms="4818" status="PASS">
          <reporter-output>
          </reporter-output>
        </test-method> <!-- settingdriver -->
        <test-method signature="setDemographics()[pri:1, instance:Testcase.testRegister@74e52303]" started-at="2022-11-07T09:32:32 EET" name="setDemographics" finished-at="2022-11-07T09:32:35 EET" duration-ms="2778" status="PASS">
          <reporter-output>
          </reporter-output>
        </test-method> <!-- setDemographics -->
        <test-method is-config="true" signature="clickhomepage()[pri:0, instance:Testcase.testRegister@74e52303]" started-at="2022-11-07T09:32:35 EET" name="clickhomepage" finished-at="2022-11-07T09:32:36 EET" duration-ms="580" status="PASS">
          <reporter-output>
          </reporter-output>
        </test-method> <!-- clickhomepage -->
      </class> <!-- Testcase.testRegister -->
      <class name="Testcase.testSearchpatient">
        <test-method is-config="true" signature="settingdriver()[pri:0, instance:Testcase.testSearchpatient@79e2c065]" started-at="2022-11-07T09:32:36 EET" name="settingdriver" finished-at="2022-11-07T09:32:37 EET" duration-ms="1534" status="PASS">
          <reporter-output>
          </reporter-output>
        </test-method> <!-- settingdriver -->
        <test-method signature="searchpatient()[pri:0, instance:Testcase.testSearchpatient@79e2c065]" started-at="2022-11-07T09:32:37 EET" name="searchpatient" finished-at="2022-11-07T09:32:37 EET" duration-ms="67" status="FAIL">
          <exception class="org.openqa.selenium.ElementNotInteractableException">
            <message>
              <![CDATA[Element <tr class="odd"> could not be scrolled into view
Build info: version: '4.5.0', revision: 'fe167b119a'
System info: os.name: 'Windows 10', os.arch: 'amd64', os.version: '10.0', java.version: '19.0.1'
Driver info: org.openqa.selenium.firefox.FirefoxDriver
Command: [5a62b3e7-5d51-46d6-b55e-2452337d4186, clickElement {id=ced4e2ad-99e1-4855-85fa-3ab2fd441a87}]
Capabilities {acceptInsecureCerts: true, browserName: firefox, browserVersion: 106.0.5, moz:accessibilityChecks: false, moz:buildID: 20221104133228, moz:debuggerAddress: 127.0.0.1:60578, moz:geckodriverVersion: 0.31.0, moz:headless: false, moz:platformVersion: 10.0, moz:processID: 8268, moz:profile: C:\Users\Eslam\AppData\Loca..., moz:shutdownTimeout: 60000, moz:useNonSpecCompliantPointerOrigin: false, moz:webdriverClick: true, moz:windowless: false, pageLoadStrategy: normal, platformName: WINDOWS, proxy: Proxy(), se:cdp: ws://127.0.0.1:60578/devtoo..., se:cdpVersion: 85.0, setWindowRect: true, strictFileInteractability: false, timeouts: {implicit: 0, pageLoad: 300000, script: 30000}, unhandledPromptBehavior: dismiss and notify}
Element: [[FirefoxDriver: firefox on WINDOWS (5a62b3e7-5d51-46d6-b55e-2452337d4186)] -> xpath: //table//tbody//tr[1]]
Session ID: 5a62b3e7-5d51-46d6-b55e-2452337d4186]]>
            </message>
            <full-stacktrace>
              <![CDATA[org.openqa.selenium.ElementNotInteractableException: Element <tr class="odd"> could not be scrolled into view
Build info: version: '4.5.0', revision: 'fe167b119a'
System info: os.name: 'Windows 10', os.arch: 'amd64', os.version: '10.0', java.version: '19.0.1'
Driver info: org.openqa.selenium.firefox.FirefoxDriver
Command: [5a62b3e7-5d51-46d6-b55e-2452337d4186, clickElement {id=ced4e2ad-99e1-4855-85fa-3ab2fd441a87}]
Capabilities {acceptInsecureCerts: true, browserName: firefox, browserVersion: 106.0.5, moz:accessibilityChecks: false, moz:buildID: 20221104133228, moz:debuggerAddress: 127.0.0.1:60578, moz:geckodriverVersion: 0.31.0, moz:headless: false, moz:platformVersion: 10.0, moz:processID: 8268, moz:profile: C:\Users\Eslam\AppData\Loca..., moz:shutdownTimeout: 60000, moz:useNonSpecCompliantPointerOrigin: false, moz:webdriverClick: true, moz:windowless: false, pageLoadStrategy: normal, platformName: WINDOWS, proxy: Proxy(), se:cdp: ws://127.0.0.1:60578/devtoo..., se:cdpVersion: 85.0, setWindowRect: true, strictFileInteractability: false, timeouts: {implicit: 0, pageLoad: 300000, script: 30000}, unhandledPromptBehavior: dismiss and notify}
Element: [[FirefoxDriver: firefox on WINDOWS (5a62b3e7-5d51-46d6-b55e-2452337d4186)] -> xpath: //table//tbody//tr[1]]
Session ID: 5a62b3e7-5d51-46d6-b55e-2452337d4186
at java.base/jdk.internal.reflect.DirectConstructorHandleAccessor.newInstance(DirectConstructorHandleAccessor.java:67)
at java.base/java.lang.reflect.Constructor.newInstanceWithCaller(Constructor.java:500)
at java.base/java.lang.reflect.Constructor.newInstance(Constructor.java:484)
at org.openqa.selenium.remote.codec.w3c.W3CHttpResponseCodec.createException(W3CHttpResponseCodec.java:200)
at org.openqa.selenium.remote.codec.w3c.W3CHttpResponseCodec.decode(W3CHttpResponseCodec.java:133)
at org.openqa.selenium.remote.codec.w3c.W3CHttpResponseCodec.decode(W3CHttpResponseCodec.java:53)
at org.openqa.selenium.remote.HttpCommandExecutor.execute(HttpCommandExecutor.java:184)
at org.openqa.selenium.remote.service.DriverCommandExecutor.invokeExecute(DriverCommandExecutor.java:167)
at org.openqa.selenium.remote.service.DriverCommandExecutor.execute(DriverCommandExecutor.java:142)
at org.openqa.selenium.remote.RemoteWebDriver.execute(RemoteWebDriver.java:547)
at org.openqa.selenium.remote.RemoteWebElement.execute(RemoteWebElement.java:257)
at org.openqa.selenium.remote.RemoteWebElement.click(RemoteWebElement.java:78)
at Pages.SearchPatient.clicksearched(SearchPatient.java:22)
at Testcase.testSearchpatient.searchpatient(testSearchpatient.java:25)
at java.base/jdk.internal.reflect.DirectMethodHandleAccessor.invoke(DirectMethodHandleAccessor.java:104)
at java.base/java.lang.reflect.Method.invoke(Method.java:578)
at org.testng.internal.MethodInvocationHelper.invokeMethod(MethodInvocationHelper.java:133)
at org.testng.internal.TestInvoker.invokeMethod(TestInvoker.java:598)
at org.testng.internal.TestInvoker.invokeTestMethod(TestInvoker.java:173)
at org.testng.internal.MethodRunner.runInSequence(MethodRunner.java:46)
at org.testng.internal.TestInvoker$MethodInvocationAgent.invoke(TestInvoker.java:824)
at org.testng.internal.TestInvoker.invokeTestMethods(TestInvoker.java:146)
at org.testng.internal.TestMethodWorker.invokeTestMethods(TestMethodWorker.java:146)
at org.testng.internal.TestMethodWorker.run(TestMethodWorker.java:128)
at java.base/java.util.ArrayList.forEach(ArrayList.java:1511)
at org.testng.TestRunner.privateRun(TestRunner.java:794)
at org.testng.TestRunner.run(TestRunner.java:596)
at org.testng.SuiteRunner.runTest(SuiteRunner.java:377)
at org.testng.SuiteRunner.runSequentially(SuiteRunner.java:371)
at org.testng.SuiteRunner.privateRun(SuiteRunner.java:332)
at org.testng.SuiteRunner.run(SuiteRunner.java:276)
at org.testng.SuiteRunnerWorker.runSuite(SuiteRunnerWorker.java:53)
at org.testng.SuiteRunnerWorker.run(SuiteRunnerWorker.java:96)
at org.testng.TestNG.runSuitesSequentially(TestNG.java:1212)
at org.testng.TestNG.runSuitesLocally(TestNG.java:1134)
at org.testng.TestNG.runSuites(TestNG.java:1063)
at org.testng.TestNG.run(TestNG.java:1031)
at org.testng.remote.AbstractRemoteTestNG.run(AbstractRemoteTestNG.java:115)
at org.testng.remote.RemoteTestNG.initAndRun(RemoteTestNG.java:251)
at org.testng.remote.RemoteTestNG.main(RemoteTestNG.java:77)
]]>
            </full-stacktrace>
          </exception> <!-- org.openqa.selenium.ElementNotInteractableException -->
          <reporter-output>
          </reporter-output>
        </test-method> <!-- searchpatient -->
      </class> <!-- Testcase.testSearchpatient -->
      <class name="Testcase.testLogin">
        <test-method is-config="true" signature="setUp()[pri:0, instance:Testcase.testLogin@6dc17b83]" started-at="2022-11-07T09:31:58 EET" name="setUp" finished-at="2022-11-07T09:32:06 EET" duration-ms="7577" status="PASS">
          <reporter-output>
          </reporter-output>
        </test-method> <!-- setUp -->
        <test-method is-config="true" signature="openLoginPage()[pri:0, instance:Testcase.testLogin@6dc17b83]" started-at="2022-11-07T09:32:06 EET" name="openLoginPage" finished-at="2022-11-07T09:32:10 EET" duration-ms="4601" status="PASS">
          <reporter-output>
          </reporter-output>
        </test-method> <!-- openLoginPage -->
        <test-method signature="testInpatientUserLogin()[pri:1, instance:Testcase.testLogin@6dc17b83]" started-at="2022-11-07T09:32:10 EET" name="testInpatientUserLogin" finished-at="2022-11-07T09:32:12 EET" duration-ms="1722" status="PASS">
          <reporter-output>
          </reporter-output>
        </test-method> <!-- testInpatientUserLogin -->
        <test-method is-config="true" signature="backToLoginPage()[pri:0, instance:Testcase.testLogin@6dc17b83]" started-at="2022-11-07T09:32:12 EET" name="backToLoginPage" finished-at="2022-11-07T09:32:13 EET" duration-ms="992" status="PASS">
          <reporter-output>
          </reporter-output>
        </test-method> <!-- backToLoginPage -->
        <test-method signature="testIsolationUserLogin()[pri:2, instance:Testcase.testLogin@6dc17b83]" started-at="2022-11-07T09:32:13 EET" name="testIsolationUserLogin" finished-at="2022-11-07T09:32:14 EET" duration-ms="1058" status="PASS">
          <reporter-output>
          </reporter-output>
        </test-method> <!-- testIsolationUserLogin -->
        <test-method is-config="true" signature="backToLoginPage()[pri:0, instance:Testcase.testLogin@6dc17b83]" started-at="2022-11-07T09:32:14 EET" name="backToLoginPage" finished-at="2022-11-07T09:32:15 EET" duration-ms="942" status="PASS">
          <reporter-output>
          </reporter-output>
        </test-method> <!-- backToLoginPage -->
        <test-method signature="testlaboratoryUserLogin()[pri:3, instance:Testcase.testLogin@6dc17b83]" started-at="2022-11-07T09:32:15 EET" name="testlaboratoryUserLogin" finished-at="2022-11-07T09:32:16 EET" duration-ms="1155" status="PASS">
          <reporter-output>
          </reporter-output>
        </test-method> <!-- testlaboratoryUserLogin -->
        <test-method is-config="true" signature="backToLoginPage()[pri:0, instance:Testcase.testLogin@6dc17b83]" started-at="2022-11-07T09:32:16 EET" name="backToLoginPage" finished-at="2022-11-07T09:32:17 EET" duration-ms="963" status="PASS">
          <reporter-output>
          </reporter-output>
        </test-method> <!-- backToLoginPage -->
        <test-method signature="testoutpatientclinicUserLogin()[pri:4, instance:Testcase.testLogin@6dc17b83]" started-at="2022-11-07T09:32:17 EET" name="testoutpatientclinicUserLogin" finished-at="2022-11-07T09:32:18 EET" duration-ms="1138" status="PASS">
          <reporter-output>
          </reporter-output>
        </test-method> <!-- testoutpatientclinicUserLogin -->
        <test-method is-config="true" signature="backToLoginPage()[pri:0, instance:Testcase.testLogin@6dc17b83]" started-at="2022-11-07T09:32:18 EET" name="backToLoginPage" finished-at="2022-11-07T09:32:19 EET" duration-ms="962" status="PASS">
          <reporter-output>
          </reporter-output>
        </test-method> <!-- backToLoginPage -->
        <test-method signature="pharmacyUserLogin()[pri:5, instance:Testcase.testLogin@6dc17b83]" started-at="2022-11-07T09:32:19 EET" name="pharmacyUserLogin" finished-at="2022-11-07T09:32:20 EET" duration-ms="1135" status="PASS">
          <reporter-output>
          </reporter-output>
        </test-method> <!-- pharmacyUserLogin -->
        <test-method is-config="true" signature="backToLoginPage()[pri:0, instance:Testcase.testLogin@6dc17b83]" started-at="2022-11-07T09:32:20 EET" name="backToLoginPage" finished-at="2022-11-07T09:32:21 EET" duration-ms="946" status="PASS">
          <reporter-output>
          </reporter-output>
        </test-method> <!-- backToLoginPage -->
        <test-method signature="registerdiskUserLogin()[pri:6, instance:Testcase.testLogin@6dc17b83]" started-at="2022-11-07T09:32:21 EET" name="registerdiskUserLogin" finished-at="2022-11-07T09:32:22 EET" duration-ms="1134" status="PASS">
          <reporter-output>
          </reporter-output>
        </test-method> <!-- registerdiskUserLogin -->
        <test-method is-config="true" signature="backToLoginPage()[pri:0, instance:Testcase.testLogin@6dc17b83]" started-at="2022-11-07T09:32:22 EET" name="backToLoginPage" finished-at="2022-11-07T09:32:23 EET" duration-ms="925" status="PASS">
          <reporter-output>
          </reporter-output>
        </test-method> <!-- backToLoginPage -->
        <test-method signature="registerWithDataProvider(java.lang.String,java.lang.String)[pri:7, instance:Testcase.testLogin@6dc17b83]" started-at="2022-11-07T09:32:23 EET" name="registerWithDataProvider" data-provider="LoginDataprovider" finished-at="2022-11-07T09:32:25 EET" duration-ms="1202" status="PASS">
          <params>
            <param index="0">
              <value>
                <![CDATA[Admin]]>
              </value>
            </param>
            <param index="1">
              <value>
                <![CDATA[Admin123]]>
              </value>
            </param>
          </params>
          <reporter-output>
          </reporter-output>
        </test-method> <!-- registerWithDataProvider -->
        <test-method is-config="true" signature="backToLoginPage()[pri:0, instance:Testcase.testLogin@6dc17b83]" started-at="2022-11-07T09:32:25 EET" name="backToLoginPage" finished-at="2022-11-07T09:32:26 EET" duration-ms="929" status="PASS">
          <reporter-output>
          </reporter-output>
        </test-method> <!-- backToLoginPage -->
        <test-method signature="registerWithDataProvider(java.lang.String,java.lang.String)[pri:7, instance:Testcase.testLogin@6dc17b83]" started-at="2022-11-07T09:32:26 EET" name="registerWithDataProvider" data-provider="LoginDataprovider" finished-at="2022-11-07T09:32:27 EET" duration-ms="1123" status="PASS">
          <params>
            <param index="0">
              <value>
                <![CDATA[Admin]]>
              </value>
            </param>
            <param index="1">
              <value>
                <![CDATA[Admin123]]>
              </value>
            </param>
          </params>
          <reporter-output>
          </reporter-output>
        </test-method> <!-- registerWithDataProvider -->
        <test-method is-config="true" signature="backToLoginPage()[pri:0, instance:Testcase.testLogin@6dc17b83]" started-at="2022-11-07T09:32:27 EET" name="backToLoginPage" finished-at="2022-11-07T09:32:28 EET" duration-ms="927" status="PASS">
          <reporter-output>
          </reporter-output>
        </test-method> <!-- backToLoginPage -->
        <test-method is-config="true" signature="teardown()[pri:0, instance:Testcase.testLogin@6dc17b83]" started-at="2022-11-07T09:32:37 EET" name="teardown" finished-at="2022-11-07T09:32:37 EET" duration-ms="5" status="PASS">
          <reporter-output>
          </reporter-output>
        </test-method> <!-- teardown -->
      </class> <!-- Testcase.testLogin -->
    </test> <!-- Test -->
  </suite> <!-- Suite -->
</testng-results>
